<?xml version="1.0" encoding="UTF-8"?>
<!-- Generated by org.testng.reporters.JUnitReportReporter -->
<testsuite hostname="DESKTOP-LGK31LU" failures="0" tests="1" name="com.example.tests.EsimPackTest" time="5.977" errors="0" timestamp="2024-08-07T15:58:53 CEST" skipped="0">
  <testcase classname="com.example.tests.EsimPackTest" name="test" time="5.977"/>
</testsuite> <!-- com.example.tests.EsimPackTest -->
