<?xml version="1.0" encoding="UTF-8"?>
<!-- Generated by org.testng.reporters.JUnitReportReporter -->
<testsuite hostname="DESKTOP-LGK31LU" failures="0" tests="1" name="com.example.tests.CountryTest" time="8.391" errors="0" timestamp="2024-08-07T19:27:29 CEST" skipped="0">
  <testcase classname="com.example.tests.CountryTest" name="test" time="8.391"/>
</testsuite> <!-- com.example.tests.CountryTest -->
